app/build/outputs/logs/manifest-merger-debug-report.txt
-- Merging decision tree log ---
manifest
ADDED from src/main/AndroidManifest.xml:2:1-52:12
	xmlns:android
		ADDED from src/main/AndroidManifest.xml:2:11-69
	package
		ADDED from src/main/AndroidManifest.xml:3:3-35
		INJECTED from src/main/AndroidManifest.xml
		INJECTED from src/main/AndroidManifest.xml
	android:versionName
		ADDED from src/main/AndroidManifest.xml:4:27-52
	android:versionCode
		ADDED from src/main/AndroidManifest.xml:4:3-26
		INJECTED from src/main/AndroidManifest.xml
		INJECTED from src/main/AndroidManifest.xml
application
ADDED from src/main/AndroidManifest.xml:5:2-48:16
	android:label
		ADDED from src/main/AndroidManifest.xml:6:4-36
	android:icon
		ADDED from src/main/AndroidManifest.xml:5:15-44
activity#name.boyle.chris.timer.TimerActivity
ADDED from src/main/AndroidManifest.xml:7:3-18:14
	android:windowSoftInputMode
		ADDED from src/main/AndroidManifest.xml:11:5-46
	android:screenOrientation
		ADDED from src/main/AndroidManifest.xml:9:5-41
	android:label
		ADDED from src/main/AndroidManifest.xml:8:5-37
	android:configChanges
		ADDED from src/main/AndroidManifest.xml:13:5-64
	android:stateNotNeeded
		ADDED from src/main/AndroidManifest.xml:10:5-34
	android:name
		ADDED from src/main/AndroidManifest.xml:7:13-42
	android:launchMode
		ADDED from src/main/AndroidManifest.xml:12:5-36
intent-filter#android.intent.action.MAIN+android.intent.category.LAUNCHER
ADDED from src/main/AndroidManifest.xml:14:4-17:20
action#android.intent.action.MAIN
ADDED from src/main/AndroidManifest.xml:15:5-57
	android:name
		ADDED from src/main/AndroidManifest.xml:15:13-54
category#android.intent.category.LAUNCHER
ADDED from src/main/AndroidManifest.xml:16:5-65
	android:name
		ADDED from src/main/AndroidManifest.xml:16:15-62
receiver#name.boyle.chris.timer.Receiver
ADDED from src/main/AndroidManifest.xml:19:3-34:14
	android:name
		ADDED from src/main/AndroidManifest.xml:19:13-37
intent-filter#name.boyle.chris.timer.ALARM
ADDED from src/main/AndroidManifest.xml:20:4-23:20
action#name.boyle.chris.timer.ALARM
ADDED from src/main/AndroidManifest.xml:21:5-58
	android:name
		ADDED from src/main/AndroidManifest.xml:21:13-56
data
ADDED from src/main/AndroidManifest.xml:22:5-35
	android:scheme
		ADDED from src/main/AndroidManifest.xml:22:11-33
intent-filter#android.intent.action.BOOT_COMPLETED
ADDED from src/main/AndroidManifest.xml:24:4-96
action#android.intent.action.BOOT_COMPLETED
ADDED from src/main/AndroidManifest.xml:24:19-80
	android:name
		ADDED from src/main/AndroidManifest.xml:24:27-78
intent-filter#android.intent.action.PACKAGE_REPLACED+android.intent.category.DEFAULT
ADDED from src/main/AndroidManifest.xml:25:4-29:20
action#android.intent.action.PACKAGE_REPLACED
ADDED from src/main/AndroidManifest.xml:26:5-69
	android:name
		ADDED from src/main/AndroidManifest.xml:26:13-66
category#android.intent.category.DEFAULT
ADDED from src/main/AndroidManifest.xml:28:5-64
	android:name
		ADDED from src/main/AndroidManifest.xml:28:15-61
intent-filter#com.twofortyfouram.locale.intent.action.QUERY_CONDITION
ADDED from src/main/AndroidManifest.xml:31:4-33:20
action#com.twofortyfouram.locale.intent.action.QUERY_CONDITION
ADDED from src/main/AndroidManifest.xml:32:5-86
	android:name
		ADDED from src/main/AndroidManifest.xml:32:13-83
activity#name.boyle.chris.timer.LocaleEdit
ADDED from src/main/AndroidManifest.xml:40:3-46:14
	android:label
		ADDED from src/main/AndroidManifest.xml:40:40-75
	android:icon
		ADDED from src/main/AndroidManifest.xml:41:4-40
	android:name
		ADDED from src/main/AndroidManifest.xml:40:13-39
intent-filter#com.twofortyfouram.locale.intent.action.EDIT_CONDITION
ADDED from src/main/AndroidManifest.xml:43:4-45:20
action#com.twofortyfouram.locale.intent.action.EDIT_CONDITION
ADDED from src/main/AndroidManifest.xml:44:5-85
	android:name
		ADDED from src/main/AndroidManifest.xml:44:13-82
uses-permission#android.permission.RECEIVE_BOOT_COMPLETED
ADDED from src/main/AndroidManifest.xml:50:2-77
	android:name
		ADDED from src/main/AndroidManifest.xml:50:19-75
uses-permission#android.permission.WAKE_LOCK
ADDED from src/main/AndroidManifest.xml:51:2-64
	android:name
		ADDED from src/main/AndroidManifest.xml:51:19-62
uses-sdk
INJECTED from src/main/AndroidManifest.xml reason: use-sdk injection requested
	android:minSdkVersion
		INJECTED from src/main/AndroidManifest.xml
		INJECTED from src/main/AndroidManifest.xml